### 09.10.2019 13:09:16
gallery


### 09.10.2019 13:09:16
gallery


### 09.10.2019 13:09:16
E:/OpenServer/OSPanel/domains/php1.loc/HW_4/public/../templates/gallery.php


### 09.10.2019 13:09:16
E:/OpenServer/OSPanel/domains/php1.loc/HW_4/public/../templates/menu.php


### 09.10.2019 13:09:16
E:/OpenServer/OSPanel/domains/php1.loc/HW_4/public/../templates/layouts/main.php


### 09.10.2019 13:09:22
catalog


### 09.10.2019 13:09:22
catalog


### 09.10.2019 13:09:22
E:/OpenServer/OSPanel/domains/php1.loc/HW_4/public/../templates/catalog.php


### 09.10.2019 13:09:22
E:/OpenServer/OSPanel/domains/php1.loc/HW_4/public/../templates/menu.php


### 09.10.2019 13:09:22
E:/OpenServer/OSPanel/domains/php1.loc/HW_4/public/../templates/layouts/main.php


### 09.10.2019 13:09:23
index


### 09.10.2019 13:09:23
Array
(
    [login] => admin
    [name] => Клен
)



### 09.10.2019 13:09:23
index


### 09.10.2019 13:09:23
E:/OpenServer/OSPanel/domains/php1.loc/HW_4/public/../templates/index.php


### 09.10.2019 13:09:23
E:/OpenServer/OSPanel/domains/php1.loc/HW_4/public/../templates/menu.php


### 09.10.2019 13:09:23
E:/OpenServer/OSPanel/domains/php1.loc/HW_4/public/../templates/layouts/main.php


### 09.10.2019 13:09:23
catalog


### 09.10.2019 13:09:23
catalog


### 09.10.2019 13:09:23
E:/OpenServer/OSPanel/domains/php1.loc/HW_4/public/../templates/catalog.php


### 09.10.2019 13:09:23
E:/OpenServer/OSPanel/domains/php1.loc/HW_4/public/../templates/menu.php


### 09.10.2019 13:09:23
E:/OpenServer/OSPanel/domains/php1.loc/HW_4/public/../templates/layouts/main.php


### 09.10.2019 13:09:24
gallery


### 09.10.2019 13:09:24
gallery


### 09.10.2019 13:09:24
E:/OpenServer/OSPanel/domains/php1.loc/HW_4/public/../templates/gallery.php


### 09.10.2019 13:09:24
E:/OpenServer/OSPanel/domains/php1.loc/HW_4/public/../templates/menu.php


### 09.10.2019 13:09:24
E:/OpenServer/OSPanel/domains/php1.loc/HW_4/public/../templates/layouts/main.php


### 09.10.2019 13:10:07
gallery


### 09.10.2019 13:10:07
gallery


### 09.10.2019 13:10:07
E:/OpenServer/OSPanel/domains/php1.loc/HW_4/public/../templates/gallery.php


### 09.10.2019 13:10:07
E:/OpenServer/OSPanel/domains/php1.loc/HW_4/public/../templates/menu.php


### 09.10.2019 13:10:07
E:/OpenServer/OSPanel/domains/php1.loc/HW_4/public/../templates/layouts/main.php


### 09.10.2019 13:10:08
catalog


### 09.10.2019 13:10:08
catalog


### 09.10.2019 13:10:08
E:/OpenServer/OSPanel/domains/php1.loc/HW_4/public/../templates/catalog.php


### 09.10.2019 13:10:08
E:/OpenServer/OSPanel/domains/php1.loc/HW_4/public/../templates/menu.php


### 09.10.2019 13:10:08
E:/OpenServer/OSPanel/domains/php1.loc/HW_4/public/../templates/layouts/main.php


### 09.10.2019 13:10:09
gallery


### 09.10.2019 13:10:09
gallery


### 09.10.2019 13:10:09
E:/OpenServer/OSPanel/domains/php1.loc/HW_4/public/../templates/gallery.php


### 09.10.2019 13:10:09
E:/OpenServer/OSPanel/domains/php1.loc/HW_4/public/../templates/menu.php


### 09.10.2019 13:10:09
E:/OpenServer/OSPanel/domains/php1.loc/HW_4/public/../templates/layouts/main.php


### 09.10.2019 13:10:13
catalog


### 09.10.2019 13:10:13
catalog


### 09.10.2019 13:10:13
E:/OpenServer/OSPanel/domains/php1.loc/HW_4/public/../templates/catalog.php


### 09.10.2019 13:10:13
E:/OpenServer/OSPanel/domains/php1.loc/HW_4/public/../templates/menu.php


### 09.10.2019 13:10:13
E:/OpenServer/OSPanel/domains/php1.loc/HW_4/public/../templates/layouts/main.php


### 09.10.2019 13:10:14
index


### 09.10.2019 13:10:14
Array
(
    [login] => admin
    [name] => Клен
)



### 09.10.2019 13:10:14
index


### 09.10.2019 13:10:14
E:/OpenServer/OSPanel/domains/php1.loc/HW_4/public/../templates/index.php


### 09.10.2019 13:10:14
E:/OpenServer/OSPanel/domains/php1.loc/HW_4/public/../templates/menu.php


### 09.10.2019 13:10:14
E:/OpenServer/OSPanel/domains/php1.loc/HW_4/public/../templates/layouts/main.php


### 09.10.2019 13:10:15
gallery


### 09.10.2019 13:10:15
gallery


### 09.10.2019 13:10:15
E:/OpenServer/OSPanel/domains/php1.loc/HW_4/public/../templates/gallery.php


### 09.10.2019 13:10:15
E:/OpenServer/OSPanel/domains/php1.loc/HW_4/public/../templates/menu.php


### 09.10.2019 13:10:15
E:/OpenServer/OSPanel/domains/php1.loc/HW_4/public/../templates/layouts/main.php


### 09.10.2019 13:12:06
gallery


### 09.10.2019 13:12:06
gallery


### 09.10.2019 13:12:06
E:/OpenServer/OSPanel/domains/php1.loc/HW_4/public/../templates/gallery.php


### 09.10.2019 13:12:06
E:/OpenServer/OSPanel/domains/php1.loc/HW_4/public/../templates/menu.php


### 09.10.2019 13:12:06
E:/OpenServer/OSPanel/domains/php1.loc/HW_4/public/../templates/layouts/main.php


### 09.10.2019 13:12:36
gallery


### 09.10.2019 13:12:36
gallery


### 09.10.2019 13:12:36
E:/OpenServer/OSPanel/domains/php1.loc/HW_4/public/../templates/gallery.php


### 09.10.2019 13:12:36
E:/OpenServer/OSPanel/domains/php1.loc/HW_4/public/../templates/menu.php


### 09.10.2019 13:12:36
E:/OpenServer/OSPanel/domains/php1.loc/HW_4/public/../templates/layouts/main.php


### 09.10.2019 13:12:50
gallery


### 09.10.2019 13:12:50
gallery


### 09.10.2019 13:12:50
E:/OpenServer/OSPanel/domains/php1.loc/HW_4/public/../templates/gallery.php


### 09.10.2019 13:12:50
E:/OpenServer/OSPanel/domains/php1.loc/HW_4/public/../templates/menu.php


### 09.10.2019 13:12:50
E:/OpenServer/OSPanel/domains/php1.loc/HW_4/public/../templates/layouts/main.php


### 09.10.2019 13:14:23
gallery


### 09.10.2019 13:14:23
gallery


### 09.10.2019 13:14:23
E:/OpenServer/OSPanel/domains/php1.loc/HW_4/public/../templates/gallery.php


### 09.10.2019 13:14:23
E:/OpenServer/OSPanel/domains/php1.loc/HW_4/public/../templates/menu.php


### 09.10.2019 13:14:23
E:/OpenServer/OSPanel/domains/php1.loc/HW_4/public/../templates/layouts/main.php


### 09.10.2019 13:17:34
gallery


### 09.10.2019 13:17:34
gallery


### 09.10.2019 13:17:34
E:/OpenServer/OSPanel/domains/php1.loc/HW_4/public/../templates/gallery.php


### 09.10.2019 13:17:34
E:/OpenServer/OSPanel/domains/php1.loc/HW_4/public/../templates/menu.php


### 09.10.2019 13:17:34
E:/OpenServer/OSPanel/domains/php1.loc/HW_4/public/../templates/layouts/main.php


### 09.10.2019 13:17:59
gallery


### 09.10.2019 13:17:59
gallery


### 09.10.2019 13:17:59
E:/OpenServer/OSPanel/domains/php1.loc/HW_4/public/../templates/gallery.php


### 09.10.2019 13:17:59
E:/OpenServer/OSPanel/domains/php1.loc/HW_4/public/../templates/menu.php


### 09.10.2019 13:17:59
E:/OpenServer/OSPanel/domains/php1.loc/HW_4/public/../templates/layouts/main.php


### 09.10.2019 13:20:55
gallery


### 09.10.2019 13:20:55
gallery


### 09.10.2019 13:20:55
E:/OpenServer/OSPanel/domains/php1.loc/HW_4/public/../templates/gallery.php


### 09.10.2019 13:20:55
E:/OpenServer/OSPanel/domains/php1.loc/HW_4/public/../templates/menu.php


### 09.10.2019 13:20:55
E:/OpenServer/OSPanel/domains/php1.loc/HW_4/public/../templates/layouts/main.php


### 09.10.2019 13:20:55
catalog


### 09.10.2019 13:20:55
catalog


### 09.10.2019 13:20:55
E:/OpenServer/OSPanel/domains/php1.loc/HW_4/public/../templates/catalog.php


### 09.10.2019 13:20:55
E:/OpenServer/OSPanel/domains/php1.loc/HW_4/public/../templates/menu.php


### 09.10.2019 13:20:55
E:/OpenServer/OSPanel/domains/php1.loc/HW_4/public/../templates/layouts/main.php


### 09.10.2019 13:20:56
index


### 09.10.2019 13:20:56
Array
(
    [login] => admin
    [name] => Клен
)



### 09.10.2019 13:20:56
index


### 09.10.2019 13:20:56
E:/OpenServer/OSPanel/domains/php1.loc/HW_4/public/../templates/index.php


### 09.10.2019 13:20:56
E:/OpenServer/OSPanel/domains/php1.loc/HW_4/public/../templates/menu.php


### 09.10.2019 13:20:56
E:/OpenServer/OSPanel/domains/php1.loc/HW_4/public/../templates/layouts/main.php


### 09.10.2019 13:20:57
catalog


### 09.10.2019 13:20:57
catalog


### 09.10.2019 13:20:57
E:/OpenServer/OSPanel/domains/php1.loc/HW_4/public/../templates/catalog.php


### 09.10.2019 13:20:57
E:/OpenServer/OSPanel/domains/php1.loc/HW_4/public/../templates/menu.php


### 09.10.2019 13:20:57
E:/OpenServer/OSPanel/domains/php1.loc/HW_4/public/../templates/layouts/main.php


### 09.10.2019 13:20:57
gallery


### 09.10.2019 13:20:57
gallery


### 09.10.2019 13:20:57
E:/OpenServer/OSPanel/domains/php1.loc/HW_4/public/../templates/gallery.php


### 09.10.2019 13:20:57
E:/OpenServer/OSPanel/domains/php1.loc/HW_4/public/../templates/menu.php


### 09.10.2019 13:20:57
E:/OpenServer/OSPanel/domains/php1.loc/HW_4/public/../templates/layouts/main.php


### 09.10.2019 13:23:34
gallery


### 09.10.2019 13:23:34
gallery


### 09.10.2019 13:23:34
E:/OpenServer/OSPanel/domains/php1.loc/HW_4/public/../templates/gallery.php


### 09.10.2019 13:23:34
E:/OpenServer/OSPanel/domains/php1.loc/HW_4/public/../templates/menu.php


### 09.10.2019 13:23:34
E:/OpenServer/OSPanel/domains/php1.loc/HW_4/public/../templates/layouts/main.php


### 09.10.2019 13:23:35
gallery


### 09.10.2019 13:23:35
gallery


### 09.10.2019 13:23:35
E:/OpenServer/OSPanel/domains/php1.loc/HW_4/public/../templates/gallery.php


### 09.10.2019 13:23:35
E:/OpenServer/OSPanel/domains/php1.loc/HW_4/public/../templates/menu.php


### 09.10.2019 13:23:35
E:/OpenServer/OSPanel/domains/php1.loc/HW_4/public/../templates/layouts/main.php


### 09.10.2019 13:23:37
catalog


### 09.10.2019 13:23:37
catalog


### 09.10.2019 13:23:37
E:/OpenServer/OSPanel/domains/php1.loc/HW_4/public/../templates/catalog.php


### 09.10.2019 13:23:37
E:/OpenServer/OSPanel/domains/php1.loc/HW_4/public/../templates/menu.php


### 09.10.2019 13:23:37
E:/OpenServer/OSPanel/domains/php1.loc/HW_4/public/../templates/layouts/main.php


### 09.10.2019 13:23:38
gallery


### 09.10.2019 13:23:38
gallery


### 09.10.2019 13:23:38
E:/OpenServer/OSPanel/domains/php1.loc/HW_4/public/../templates/gallery.php


### 09.10.2019 13:23:38
E:/OpenServer/OSPanel/domains/php1.loc/HW_4/public/../templates/menu.php


### 09.10.2019 13:23:38
E:/OpenServer/OSPanel/domains/php1.loc/HW_4/public/../templates/layouts/main.php


### 09.10.2019 13:24:43
gallery


### 09.10.2019 13:24:43
gallery


### 09.10.2019 13:24:43
E:/OpenServer/OSPanel/domains/php1.loc/HW_4/public/../templates/gallery.php


### 09.10.2019 13:24:43
E:/OpenServer/OSPanel/domains/php1.loc/HW_4/public/../templates/menu.php


### 09.10.2019 13:24:43
E:/OpenServer/OSPanel/domains/php1.loc/HW_4/public/../templates/layouts/main.php


### 09.10.2019 13:24:44
catalog


### 09.10.2019 13:24:44
catalog


### 09.10.2019 13:24:44
E:/OpenServer/OSPanel/domains/php1.loc/HW_4/public/../templates/catalog.php


### 09.10.2019 13:24:44
E:/OpenServer/OSPanel/domains/php1.loc/HW_4/public/../templates/menu.php


### 09.10.2019 13:24:44
E:/OpenServer/OSPanel/domains/php1.loc/HW_4/public/../templates/layouts/main.php


### 09.10.2019 13:24:45
gallery


### 09.10.2019 13:24:45
gallery


### 09.10.2019 13:24:45
E:/OpenServer/OSPanel/domains/php1.loc/HW_4/public/../templates/gallery.php


### 09.10.2019 13:24:45
E:/OpenServer/OSPanel/domains/php1.loc/HW_4/public/../templates/menu.php


### 09.10.2019 13:24:45
E:/OpenServer/OSPanel/domains/php1.loc/HW_4/public/../templates/layouts/main.php


### 09.10.2019 13:24:46
index


### 09.10.2019 13:24:46
Array
(
    [login] => admin
    [name] => Клен
)



### 09.10.2019 13:24:46
index


### 09.10.2019 13:24:46
E:/OpenServer/OSPanel/domains/php1.loc/HW_4/public/../templates/index.php


### 09.10.2019 13:24:46
E:/OpenServer/OSPanel/domains/php1.loc/HW_4/public/../templates/menu.php


### 09.10.2019 13:24:46
E:/OpenServer/OSPanel/domains/php1.loc/HW_4/public/../templates/layouts/main.php


### 09.10.2019 13:24:47
gallery


### 09.10.2019 13:24:47
gallery


### 09.10.2019 13:24:47
E:/OpenServer/OSPanel/domains/php1.loc/HW_4/public/../templates/gallery.php


### 09.10.2019 13:24:47
E:/OpenServer/OSPanel/domains/php1.loc/HW_4/public/../templates/menu.php


### 09.10.2019 13:24:47
E:/OpenServer/OSPanel/domains/php1.loc/HW_4/public/../templates/layouts/main.php


### 09.10.2019 13:25:56
gallery


### 09.10.2019 13:25:56
gallery


### 09.10.2019 13:25:56
E:/OpenServer/OSPanel/domains/php1.loc/HW_4/public/../templates/gallery.php


### 09.10.2019 13:25:56
E:/OpenServer/OSPanel/domains/php1.loc/HW_4/public/../templates/menu.php


### 09.10.2019 13:25:56
E:/OpenServer/OSPanel/domains/php1.loc/HW_4/public/../templates/layouts/main.php


### 09.10.2019 13:25:57
catalog


### 09.10.2019 13:25:57
catalog


### 09.10.2019 13:25:57
E:/OpenServer/OSPanel/domains/php1.loc/HW_4/public/../templates/catalog.php


### 09.10.2019 13:25:57
E:/OpenServer/OSPanel/domains/php1.loc/HW_4/public/../templates/menu.php


### 09.10.2019 13:25:57
E:/OpenServer/OSPanel/domains/php1.loc/HW_4/public/../templates/layouts/main.php


### 09.10.2019 13:25:58
gallery


### 09.10.2019 13:25:58
gallery


### 09.10.2019 13:25:58
E:/OpenServer/OSPanel/domains/php1.loc/HW_4/public/../templates/gallery.php


### 09.10.2019 13:25:58
E:/OpenServer/OSPanel/domains/php1.loc/HW_4/public/../templates/menu.php


### 09.10.2019 13:25:58
E:/OpenServer/OSPanel/domains/php1.loc/HW_4/public/../templates/layouts/main.php


